# JRE version: OpenJDK Runtime Environment (8.0_202-b02) (build 1.8.0_202-release-1483-b02)
# Java VM: OpenJDK 64-Bit Server VM (25.202-b02 mixed mode windows-amd64 compressed oops)
Heap:
 PSYoungGen      total 111616K, used 80264K [0x00000000e0000000, 0x00000000e8080000, 0x0000000100000000)
  eden space 94720K, 72% used [0x00000000e0000000,0x00000000e43823b8,0x00000000e5c80000)
  from space 16896K, 65% used [0x00000000e7000000,0x00000000e7adfff0,0x00000000e8080000)
  to   space 18432K, 0% used [0x00000000e5c80000,0x00000000e5c80000,0x00000000e6e80000)
 ParOldGen       total 119808K, used 31995K [0x00000000a0000000, 0x00000000a7500000, 0x00000000e0000000)
  object space 119808K, 26% used [0x00000000a0000000,0x00000000a1f3edf8,0x00000000a7500000)
 Metaspace       used 68035K, capacity 70386K, committed 70528K, reserved 1110016K
  class space    used 8988K, capacity 9539K, committed 9600K, reserved 1048576K
GC Heap History (10 events):
Event: 20.358 GC heap before
{Heap before GC invocations=19 (full 2):
 PSYoungGen      total 87040K, used 86124K [0x00000000e0000000, 0x00000000e6780000, 0x0000000100000000)
  eden space 73216K, 100% used [0x00000000e0000000,0x00000000e4780000,0x00000000e4780000)
  from space 13824K, 93% used [0x00000000e5680000,0x00000000e631b158,0x00000000e6400000)
  to   space 15360K, 0% used [0x00000000e4780000,0x00000000e4780000,0x00000000e5680000)
 ParOldGen       total 84480K, used 17653K [0x00000000a0000000, 0x00000000a5280000, 0x00000000e0000000)
  object space 84480K, 20% used [0x00000000a0000000,0x00000000a113d430,0x00000000a5280000)
 Metaspace       used 54928K, capacity 56500K, committed 56704K, reserved 1097728K
  class space    used 7291K, capacity 7711K, committed 7808K, reserved 1048576K
Event: 20.374 GC heap after
Heap after GC invocations=19 (full 2):
 PSYoungGen      total 88576K, used 14392K [0x00000000e0000000, 0x00000000e7480000, 0x0000000100000000)
  eden space 73216K, 0% used [0x00000000e0000000,0x00000000e0000000,0x00000000e4780000)
  from space 15360K, 93% used [0x00000000e4780000,0x00000000e558e0b0,0x00000000e5680000)
  to   space 16896K, 0% used [0x00000000e6400000,0x00000000e6400000,0x00000000e7480000)
 ParOldGen       total 84480K, used 17661K [0x00000000a0000000, 0x00000000a5280000, 0x00000000e0000000)
  object space 84480K, 20% used [0x00000000a0000000,0x00000000a113f430,0x00000000a5280000)
 Metaspace       used 54928K, capacity 56500K, committed 56704K, reserved 1097728K
  class space    used 7291K, capacity 7711K, committed 7808K, reserved 1048576K
}
Event: 20.812 GC heap before
{Heap before GC invocations=20 (full 2):
 PSYoungGen      total 88576K, used 53416K [0x00000000e0000000, 0x00000000e7480000, 0x0000000100000000)
  eden space 73216K, 53% used [0x00000000e0000000,0x00000000e261c1f8,0x00000000e4780000)
  from space 15360K, 93% used [0x00000000e4780000,0x00000000e558e0b0,0x00000000e5680000)
  to   space 16896K, 0% used [0x00000000e6400000,0x00000000e6400000,0x00000000e7480000)
 ParOldGen       total 84480K, used 17661K [0x00000000a0000000, 0x00000000a5280000, 0x00000000e0000000)
  object space 84480K, 20% used [0x00000000a0000000,0x00000000a113f430,0x00000000a5280000)
 Metaspace       used 57447K, capacity 59004K, committed 59096K, reserved 1099776K
  class space    used 7630K, capacity 8033K, committed 8064K, reserved 1048576K
Event: 20.830 GC heap after
Heap after GC invocations=20 (full 2):
 PSYoungGen      total 99840K, used 16583K [0x00000000e0000000, 0x00000000e7e00000, 0x0000000100000000)
  eden space 82944K, 0% used [0x00000000e0000000,0x00000000e0000000,0x00000000e5100000)
  from space 16896K, 98% used [0x00000000e6400000,0x00000000e7431d80,0x00000000e7480000)
  to   space 19456K, 0% used [0x00000000e5100000,0x00000000e5100000,0x00000000e6400000)
 ParOldGen       total 84480K, used 17669K [0x00000000a0000000, 0x00000000a5280000, 0x00000000e0000000)
  object space 84480K, 20% used [0x00000000a0000000,0x00000000a1141430,0x00000000a5280000)
 Metaspace       used 57447K, capacity 59004K, committed 59096K, reserved 1099776K
  class space    used 7630K, capacity 8033K, committed 8064K, reserved 1048576K
}
Event: 20.830 GC heap before
{Heap before GC invocations=21 (full 3):
 PSYoungGen      total 99840K, used 16583K [0x00000000e0000000, 0x00000000e7e00000, 0x0000000100000000)
  eden space 82944K, 0% used [0x00000000e0000000,0x00000000e0000000,0x00000000e5100000)
  from space 16896K, 98% used [0x00000000e6400000,0x00000000e7431d80,0x00000000e7480000)
  to   space 19456K, 0% used [0x00000000e5100000,0x00000000e5100000,0x00000000e6400000)
 ParOldGen       total 84480K, used 17669K [0x00000000a0000000, 0x00000000a5280000, 0x00000000e0000000)
  object space 84480K, 20% used [0x00000000a0000000,0x00000000a1141430,0x00000000a5280000)
 Metaspace       used 57447K, capacity 59004K, committed 59096K, reserved 1099776K
  class space    used 7630K, capacity 8033K, committed 8064K, reserved 1048576K
Event: 21.100 GC heap after
Heap after GC invocations=21 (full 3):
 PSYoungGen      total 99840K, used 0K [0x00000000e0000000, 0x00000000e7e00000, 0x0000000100000000)
  eden space 82944K, 0% used [0x00000000e0000000,0x00000000e0000000,0x00000000e5100000)
  from space 16896K, 0% used [0x00000000e6400000,0x00000000e6400000,0x00000000e7480000)
  to   space 19456K, 0% used [0x00000000e5100000,0x00000000e5100000,0x00000000e6400000)
 ParOldGen       total 119808K, used 31979K [0x00000000a0000000, 0x00000000a7500000, 0x00000000e0000000)
  object space 119808K, 26% used [0x00000000a0000000,0x00000000a1f3adf8,0x00000000a7500000)
 Metaspace       used 57401K, capacity 58866K, committed 59096K, reserved 1099776K
  class space    used 7616K, capacity 7987K, committed 8064K, reserved 1048576K
}
Event: 24.401 GC heap before
{Heap before GC invocations=22 (full 3):
 PSYoungGen      total 99840K, used 82944K [0x00000000e0000000, 0x00000000e7e00000, 0x0000000100000000)
  eden space 82944K, 100% used [0x00000000e0000000,0x00000000e5100000,0x00000000e5100000)
  from space 16896K, 0% used [0x00000000e6400000,0x00000000e6400000,0x00000000e7480000)
  to   space 19456K, 0% used [0x00000000e5100000,0x00000000e5100000,0x00000000e6400000)
 ParOldGen       total 119808K, used 31979K [0x00000000a0000000, 0x00000000a7500000, 0x00000000e0000000)
  object space 119808K, 26% used [0x00000000a0000000,0x00000000a1f3adf8,0x00000000a7500000)
 Metaspace       used 62818K, capacity 64720K, committed 64768K, reserved 1105920K
  class space    used 8505K, capacity 8949K, committed 8960K, reserved 1048576K
Event: 24.410 GC heap after
Heap after GC invocations=22 (full 3):
 PSYoungGen      total 102400K, used 8125K [0x00000000e0000000, 0x00000000e8200000, 0x0000000100000000)
  eden space 82944K, 0% used [0x00000000e0000000,0x00000000e0000000,0x00000000e5100000)
  from space 19456K, 41% used [0x00000000e5100000,0x00000000e58ef7b0,0x00000000e6400000)
  to   space 18432K, 0% used [0x00000000e7000000,0x00000000e7000000,0x00000000e8200000)
 ParOldGen       total 119808K, used 31987K [0x00000000a0000000, 0x00000000a7500000, 0x00000000e0000000)
  object space 119808K, 26% used [0x00000000a0000000,0x00000000a1f3cdf8,0x00000000a7500000)
 Metaspace       used 62818K, capacity 64720K, committed 64768K, reserved 1105920K
  class space    used 8505K, capacity 8949K, committed 8960K, reserved 1048576K
}
Event: 27.861 GC heap before
{Heap before GC invocations=23 (full 3):
 PSYoungGen      total 102400K, used 91069K [0x00000000e0000000, 0x00000000e8200000, 0x0000000100000000)
  eden space 82944K, 100% used [0x00000000e0000000,0x00000000e5100000,0x00000000e5100000)
  from space 19456K, 41% used [0x00000000e5100000,0x00000000e58ef7b0,0x00000000e6400000)
  to   space 18432K, 0% used [0x00000000e7000000,0x00000000e7000000,0x00000000e8200000)
 ParOldGen       total 119808K, used 31987K [0x00000000a0000000, 0x00000000a7500000, 0x00000000e0000000)
  object space 119808K, 26% used [0x00000000a0000000,0x00000000a1f3cdf8,0x00000000a7500000)
 Metaspace       used 67138K, capacity 69472K, committed 69632K, reserved 1110016K
  class space    used 8877K, capacity 9427K, committed 9472K, reserved 1048576K
Event: 27.877 GC heap after
Heap after GC invocations=23 (full 3):
 PSYoungGen      total 111616K, used 11135K [0x00000000e0000000, 0x00000000e8080000, 0x0000000100000000)
  eden space 94720K, 0% used [0x00000000e0000000,0x00000000e0000000,0x00000000e5c80000)
  from space 16896K, 65% used [0x00000000e7000000,0x00000000e7adfff0,0x00000000e8080000)
  to   space 18432K, 0% used [0x00000000e5c80000,0x00000000e5c80000,0x00000000e6e80000)
 ParOldGen       total 119808K, used 31995K [0x00000000a0000000, 0x00000000a7500000, 0x00000000e0000000)
  object space 119808K, 26% used [0x00000000a0000000,0x00000000a1f3edf8,0x00000000a7500000)
 Metaspace       used 67138K, capacity 69472K, committed 69632K, reserved 1110016K
  class space    used 8877K, capacity 9427K, committed 9472K, reserved 1048576K
}

